2025-06-12 23:08:51.966 [main] INFO  [sessionId=NO_SESSION]
            [reqId=] [traceId=] [spanId=] [parentSpan=]
            [uri=] [method=] [status=]
            [duration=ms] [clientIp=] [userAgent=]
            c.c.p.p.ProductServiceApplication - Starting ProductServiceApplication using Java 21.0.7 with PID 2234 (/Users/oleksii_vekshyn/development/CloudX/module-03-appservice/petstore/petstoreproductservice/target/classes started by oleksii_vekshyn in /Users/oleksii_vekshyn/development/CloudX/module-03-appservice/petstore/petstoreproductservice)
2025-06-12 23:08:51.969 [main] INFO  [sessionId=NO_SESSION]
            [reqId=] [traceId=] [spanId=] [parentSpan=]
            [uri=] [method=] [status=]
            [duration=ms] [clientIp=] [userAgent=]
            c.c.p.p.ProductServiceApplication - No active profile set, falling back to 1 default profile: "default"
2025-06-12 23:08:52.902 [main] INFO  [sessionId=NO_SESSION]
            [reqId=] [traceId=] [spanId=] [parentSpan=]
            [uri=] [method=] [status=]
            [duration=ms] [clientIp=] [userAgent=]
            o.s.b.w.e.tomcat.TomcatWebServer - Tomcat initialized with port 8080 (http)
2025-06-12 23:08:52.910 [main] INFO  [sessionId=NO_SESSION]
            [reqId=] [traceId=] [spanId=] [parentSpan=]
            [uri=] [method=] [status=]
            [duration=ms] [clientIp=] [userAgent=]
            o.a.catalina.core.StandardService - Starting service [Tomcat]
2025-06-12 23:08:52.910 [main] INFO  [sessionId=NO_SESSION]
            [reqId=] [traceId=] [spanId=] [parentSpan=]
            [uri=] [method=] [status=]
            [duration=ms] [clientIp=] [userAgent=]
            o.a.catalina.core.StandardEngine - Starting Servlet engine: [Apache Tomcat/10.1.41]
2025-06-12 23:08:52.948 [main] INFO  [sessionId=NO_SESSION]
            [reqId=] [traceId=] [spanId=] [parentSpan=]
            [uri=] [method=] [status=]
            [duration=ms] [clientIp=] [userAgent=]
            o.a.c.c.C.[Tomcat].[localhost].[/] - Initializing Spring embedded WebApplicationContext
2025-06-12 23:08:52.948 [main] INFO  [sessionId=NO_SESSION]
            [reqId=] [traceId=] [spanId=] [parentSpan=]
            [uri=] [method=] [status=]
            [duration=ms] [clientIp=] [userAgent=]
            o.s.b.w.s.c.ServletWebServerApplicationContext - Root WebApplicationContext: initialization completed in 952 ms
2025-06-12 23:08:53.486 [main] INFO  [sessionId=NO_SESSION]
            [reqId=] [traceId=] [spanId=] [parentSpan=]
            [uri=] [method=] [status=]
            [duration=ms] [clientIp=] [userAgent=]
            o.s.b.a.e.web.EndpointLinksResolver - Exposing 2 endpoints beneath base path '/actuator'
2025-06-12 23:08:53.550 [main] INFO  [sessionId=NO_SESSION]
            [reqId=] [traceId=] [spanId=] [parentSpan=]
            [uri=] [method=] [status=]
            [duration=ms] [clientIp=] [userAgent=]
            o.s.b.w.e.tomcat.TomcatWebServer - Tomcat started on port 8080 (http) with context path '/'
2025-06-12 23:08:53.560 [main] INFO  [sessionId=NO_SESSION]
            [reqId=] [traceId=] [spanId=] [parentSpan=]
            [uri=] [method=] [status=]
            [duration=ms] [clientIp=] [userAgent=]
            c.c.p.p.ProductServiceApplication - Started ProductServiceApplication in 1.954 seconds (process running for 3.108)
2025-06-12 23:08:54.038 [RMI TCP Connection(5)-192.168.0.252] INFO  [sessionId=NO_SESSION]
            [reqId=] [traceId=] [spanId=] [parentSpan=]
            [uri=] [method=] [status=]
            [duration=ms] [clientIp=] [userAgent=]
            o.a.c.c.C.[Tomcat].[localhost].[/] - Initializing Spring DispatcherServlet 'dispatcherServlet'
2025-06-12 23:08:54.038 [RMI TCP Connection(5)-192.168.0.252] INFO  [sessionId=NO_SESSION]
            [reqId=] [traceId=] [spanId=] [parentSpan=]
            [uri=] [method=] [status=]
            [duration=ms] [clientIp=] [userAgent=]
            o.s.web.servlet.DispatcherServlet - Initializing Servlet 'dispatcherServlet'
2025-06-12 23:08:54.038 [RMI TCP Connection(5)-192.168.0.252] INFO  [sessionId=NO_SESSION]
            [reqId=] [traceId=] [spanId=] [parentSpan=]
            [uri=] [method=] [status=]
            [duration=ms] [clientIp=] [userAgent=]
            o.s.web.servlet.DispatcherServlet - Completed initialization in 0 ms
2025-06-12 23:10:38.253 [SpringApplicationShutdownHook] INFO  [sessionId=NO_SESSION]
            [reqId=] [traceId=] [spanId=] [parentSpan=]
            [uri=] [method=] [status=]
            [duration=ms] [clientIp=] [userAgent=]
            o.s.b.w.e.tomcat.GracefulShutdown - Commencing graceful shutdown. Waiting for active requests to complete
2025-06-12 23:10:40.264 [tomcat-shutdown] INFO  [sessionId=NO_SESSION]
            [reqId=] [traceId=] [spanId=] [parentSpan=]
            [uri=] [method=] [status=]
            [duration=ms] [clientIp=] [userAgent=]
            o.s.b.w.e.tomcat.GracefulShutdown - Graceful shutdown complete
2025-06-12 23:10:42.554 [main] INFO  [sessionId=NO_SESSION]
            [reqId=] [traceId=] [spanId=] [parentSpan=]
            [uri=] [method=] [status=]
            [duration=ms] [clientIp=] [userAgent=]
            c.c.p.p.ProductServiceApplication - Starting ProductServiceApplication using Java 21.0.7 with PID 3391 (/Users/oleksii_vekshyn/development/CloudX/module-03-appservice/petstore/petstoreproductservice/target/classes started by oleksii_vekshyn in /Users/oleksii_vekshyn/development/CloudX/module-03-appservice/petstore/petstoreproductservice)
2025-06-12 23:10:42.554 [main] INFO  [sessionId=NO_SESSION]
            [reqId=] [traceId=] [spanId=] [parentSpan=]
            [uri=] [method=] [status=]
            [duration=ms] [clientIp=] [userAgent=]
            c.c.p.p.ProductServiceApplication - No active profile set, falling back to 1 default profile: "default"
2025-06-12 23:10:43.091 [main] INFO  [sessionId=NO_SESSION]
            [reqId=] [traceId=] [spanId=] [parentSpan=]
            [uri=] [method=] [status=]
            [duration=ms] [clientIp=] [userAgent=]
            o.s.b.w.e.tomcat.TomcatWebServer - Tomcat initialized with port 8082 (http)
2025-06-12 23:10:43.098 [main] INFO  [sessionId=NO_SESSION]
            [reqId=] [traceId=] [spanId=] [parentSpan=]
            [uri=] [method=] [status=]
            [duration=ms] [clientIp=] [userAgent=]
            o.a.catalina.core.StandardService - Starting service [Tomcat]
2025-06-12 23:10:43.098 [main] INFO  [sessionId=NO_SESSION]
            [reqId=] [traceId=] [spanId=] [parentSpan=]
            [uri=] [method=] [status=]
            [duration=ms] [clientIp=] [userAgent=]
            o.a.catalina.core.StandardEngine - Starting Servlet engine: [Apache Tomcat/10.1.41]
2025-06-12 23:10:43.119 [main] INFO  [sessionId=NO_SESSION]
            [reqId=] [traceId=] [spanId=] [parentSpan=]
            [uri=] [method=] [status=]
            [duration=ms] [clientIp=] [userAgent=]
            o.a.c.c.C.[Tomcat].[localhost].[/] - Initializing Spring embedded WebApplicationContext
2025-06-12 23:10:43.119 [main] INFO  [sessionId=NO_SESSION]
            [reqId=] [traceId=] [spanId=] [parentSpan=]
            [uri=] [method=] [status=]
            [duration=ms] [clientIp=] [userAgent=]
            o.s.b.w.s.c.ServletWebServerApplicationContext - Root WebApplicationContext: initialization completed in 549 ms
2025-06-12 23:10:43.520 [main] INFO  [sessionId=NO_SESSION]
            [reqId=] [traceId=] [spanId=] [parentSpan=]
            [uri=] [method=] [status=]
            [duration=ms] [clientIp=] [userAgent=]
            o.s.b.a.e.web.EndpointLinksResolver - Exposing 2 endpoints beneath base path '/actuator'
2025-06-12 23:10:43.552 [main] INFO  [sessionId=NO_SESSION]
            [reqId=] [traceId=] [spanId=] [parentSpan=]
            [uri=] [method=] [status=]
            [duration=ms] [clientIp=] [userAgent=]
            o.s.b.w.e.tomcat.TomcatWebServer - Tomcat started on port 8082 (http) with context path '/'
2025-06-12 23:10:43.560 [main] INFO  [sessionId=NO_SESSION]
            [reqId=] [traceId=] [spanId=] [parentSpan=]
            [uri=] [method=] [status=]
            [duration=ms] [clientIp=] [userAgent=]
            c.c.p.p.ProductServiceApplication - Started ProductServiceApplication in 1.258 seconds (process running for 1.538)
2025-06-12 23:10:43.897 [RMI TCP Connection(1)-192.168.0.252] INFO  [sessionId=NO_SESSION]
            [reqId=] [traceId=] [spanId=] [parentSpan=]
            [uri=] [method=] [status=]
            [duration=ms] [clientIp=] [userAgent=]
            o.a.c.c.C.[Tomcat].[localhost].[/] - Initializing Spring DispatcherServlet 'dispatcherServlet'
2025-06-12 23:10:43.898 [RMI TCP Connection(1)-192.168.0.252] INFO  [sessionId=NO_SESSION]
            [reqId=] [traceId=] [spanId=] [parentSpan=]
            [uri=] [method=] [status=]
            [duration=ms] [clientIp=] [userAgent=]
            o.s.web.servlet.DispatcherServlet - Initializing Servlet 'dispatcherServlet'
2025-06-12 23:10:43.898 [RMI TCP Connection(1)-192.168.0.252] INFO  [sessionId=NO_SESSION]
            [reqId=] [traceId=] [spanId=] [parentSpan=]
            [uri=] [method=] [status=]
            [duration=ms] [clientIp=] [userAgent=]
            o.s.web.servlet.DispatcherServlet - Completed initialization in 0 ms
2025-06-12 23:11:43.502 [SpringApplicationShutdownHook] INFO  [sessionId=NO_SESSION]
            [reqId=] [traceId=] [spanId=] [parentSpan=]
            [uri=] [method=] [status=]
            [duration=ms] [clientIp=] [userAgent=]
            o.s.b.w.e.tomcat.GracefulShutdown - Commencing graceful shutdown. Waiting for active requests to complete
2025-06-12 23:11:44.573 [tomcat-shutdown] INFO  [sessionId=NO_SESSION]
            [reqId=] [traceId=] [spanId=] [parentSpan=]
            [uri=] [method=] [status=]
            [duration=ms] [clientIp=] [userAgent=]
            o.s.b.w.e.tomcat.GracefulShutdown - Graceful shutdown complete
2025-06-12 23:11:46.427 [main] INFO  [sessionId=NO_SESSION]
            [reqId=] [traceId=] [spanId=] [parentSpan=]
            [uri=] [method=] [status=]
            [duration=ms] [clientIp=] [userAgent=]
            c.c.p.p.ProductServiceApplication - Starting ProductServiceApplication using Java 21.0.7 with PID 3962 (/Users/oleksii_vekshyn/development/CloudX/module-03-appservice/petstore/petstoreproductservice/target/classes started by oleksii_vekshyn in /Users/oleksii_vekshyn/development/CloudX/module-03-appservice/petstore/petstoreproductservice)
2025-06-12 23:11:46.428 [main] INFO  [sessionId=NO_SESSION]
            [reqId=] [traceId=] [spanId=] [parentSpan=]
            [uri=] [method=] [status=]
            [duration=ms] [clientIp=] [userAgent=]
            c.c.p.p.ProductServiceApplication - No active profile set, falling back to 1 default profile: "default"
2025-06-12 23:11:46.991 [main] INFO  [sessionId=NO_SESSION]
            [reqId=] [traceId=] [spanId=] [parentSpan=]
            [uri=] [method=] [status=]
            [duration=ms] [clientIp=] [userAgent=]
            o.s.b.w.e.tomcat.TomcatWebServer - Tomcat initialized with port 8082 (http)
2025-06-12 23:11:46.997 [main] INFO  [sessionId=NO_SESSION]
            [reqId=] [traceId=] [spanId=] [parentSpan=]
            [uri=] [method=] [status=]
            [duration=ms] [clientIp=] [userAgent=]
            o.a.catalina.core.StandardService - Starting service [Tomcat]
2025-06-12 23:11:46.997 [main] INFO  [sessionId=NO_SESSION]
            [reqId=] [traceId=] [spanId=] [parentSpan=]
            [uri=] [method=] [status=]
            [duration=ms] [clientIp=] [userAgent=]
            o.a.catalina.core.StandardEngine - Starting Servlet engine: [Apache Tomcat/10.1.41]
2025-06-12 23:11:47.024 [main] INFO  [sessionId=NO_SESSION]
            [reqId=] [traceId=] [spanId=] [parentSpan=]
            [uri=] [method=] [status=]
            [duration=ms] [clientIp=] [userAgent=]
            o.a.c.c.C.[Tomcat].[localhost].[/] - Initializing Spring embedded WebApplicationContext
2025-06-12 23:11:47.024 [main] INFO  [sessionId=NO_SESSION]
            [reqId=] [traceId=] [spanId=] [parentSpan=]
            [uri=] [method=] [status=]
            [duration=ms] [clientIp=] [userAgent=]
            o.s.b.w.s.c.ServletWebServerApplicationContext - Root WebApplicationContext: initialization completed in 579 ms
2025-06-12 23:11:47.451 [main] INFO  [sessionId=NO_SESSION]
            [reqId=] [traceId=] [spanId=] [parentSpan=]
            [uri=] [method=] [status=]
            [duration=ms] [clientIp=] [userAgent=]
            o.s.b.a.e.web.EndpointLinksResolver - Exposing 2 endpoints beneath base path '/actuator'
2025-06-12 23:11:47.484 [main] INFO  [sessionId=NO_SESSION]
            [reqId=] [traceId=] [spanId=] [parentSpan=]
            [uri=] [method=] [status=]
            [duration=ms] [clientIp=] [userAgent=]
            o.s.b.w.e.tomcat.TomcatWebServer - Tomcat started on port 8082 (http) with context path '/'
2025-06-12 23:11:47.493 [main] INFO  [sessionId=NO_SESSION]
            [reqId=] [traceId=] [spanId=] [parentSpan=]
            [uri=] [method=] [status=]
            [duration=ms] [clientIp=] [userAgent=]
            c.c.p.p.ProductServiceApplication - Started ProductServiceApplication in 1.368 seconds (process running for 1.77)
2025-06-12 23:11:48.016 [RMI TCP Connection(2)-192.168.0.252] INFO  [sessionId=NO_SESSION]
            [reqId=] [traceId=] [spanId=] [parentSpan=]
            [uri=] [method=] [status=]
            [duration=ms] [clientIp=] [userAgent=]
            o.a.c.c.C.[Tomcat].[localhost].[/] - Initializing Spring DispatcherServlet 'dispatcherServlet'
2025-06-12 23:11:48.017 [RMI TCP Connection(2)-192.168.0.252] INFO  [sessionId=NO_SESSION]
            [reqId=] [traceId=] [spanId=] [parentSpan=]
            [uri=] [method=] [status=]
            [duration=ms] [clientIp=] [userAgent=]
            o.s.web.servlet.DispatcherServlet - Initializing Servlet 'dispatcherServlet'
2025-06-12 23:11:48.017 [RMI TCP Connection(2)-192.168.0.252] INFO  [sessionId=NO_SESSION]
            [reqId=] [traceId=] [spanId=] [parentSpan=]
            [uri=] [method=] [status=]
            [duration=ms] [clientIp=] [userAgent=]
            o.s.web.servlet.DispatcherServlet - Completed initialization in 0 ms
2025-06-12 23:13:35.125 [SpringApplicationShutdownHook] INFO  [sessionId=NO_SESSION]
            [reqId=] [traceId=] [spanId=] [parentSpan=]
            [uri=] [method=] [status=]
            [duration=ms] [clientIp=] [userAgent=]
            o.s.b.w.e.tomcat.GracefulShutdown - Commencing graceful shutdown. Waiting for active requests to complete
2025-06-12 23:13:37.133 [tomcat-shutdown] INFO  [sessionId=NO_SESSION]
            [reqId=] [traceId=] [spanId=] [parentSpan=]
            [uri=] [method=] [status=]
            [duration=ms] [clientIp=] [userAgent=]
            o.s.b.w.e.tomcat.GracefulShutdown - Graceful shutdown complete
