2025-06-12 23:10:58.849 [main] INFO  [sessionId=NO_SESSION]
                [reqId=] [traceId=] [spanId=] [parentSpan=]
                [uri=] [method=] [status=]
                [duration=ms] [clientIp=] [userAgent=]
                c.c.petstoreapp.PetStoreApplication - Starting PetStoreApplication using Java 21.0.7 with PID 3571 (/Users/oleksii_vekshyn/development/CloudX/module-03-appservice/petstore/petstoreapp/target/classes started by oleksii_vekshyn in /Users/oleksii_vekshyn/development/CloudX/module-03-appservice/petstore/petstoreapp)
2025-06-12 23:10:58.850 [main] INFO  [sessionId=NO_SESSION]
                [reqId=] [traceId=] [spanId=] [parentSpan=]
                [uri=] [method=] [status=]
                [duration=ms] [clientIp=] [userAgent=]
                c.c.petstoreapp.PetStoreApplication - No active profile set, falling back to 1 default profile: "default"
2025-06-12 23:10:59.830 [main] INFO  [sessionId=NO_SESSION]
                [reqId=] [traceId=] [spanId=] [parentSpan=]
                [uri=] [method=] [status=]
                [duration=ms] [clientIp=] [userAgent=]
                o.s.b.w.e.tomcat.TomcatWebServer - Tomcat initialized with port 8080 (http)
2025-06-12 23:10:59.836 [main] INFO  [sessionId=NO_SESSION]
                [reqId=] [traceId=] [spanId=] [parentSpan=]
                [uri=] [method=] [status=]
                [duration=ms] [clientIp=] [userAgent=]
                o.a.catalina.core.StandardService - Starting service [Tomcat]
2025-06-12 23:10:59.836 [main] INFO  [sessionId=NO_SESSION]
                [reqId=] [traceId=] [spanId=] [parentSpan=]
                [uri=] [method=] [status=]
                [duration=ms] [clientIp=] [userAgent=]
                o.a.catalina.core.StandardEngine - Starting Servlet engine: [Apache Tomcat/10.1.41]
2025-06-12 23:10:59.871 [main] INFO  [sessionId=NO_SESSION]
                [reqId=] [traceId=] [spanId=] [parentSpan=]
                [uri=] [method=] [status=]
                [duration=ms] [clientIp=] [userAgent=]
                o.a.c.c.C.[Tomcat].[localhost].[/] - Initializing Spring embedded WebApplicationContext
2025-06-12 23:10:59.872 [main] INFO  [sessionId=NO_SESSION]
                [reqId=] [traceId=] [spanId=] [parentSpan=]
                [uri=] [method=] [status=]
                [duration=ms] [clientIp=] [userAgent=]
                o.s.b.w.s.c.ServletWebServerApplicationContext - Root WebApplicationContext: initialization completed in 1004 ms
2025-06-12 23:11:00.384 [main] INFO  [sessionId=NO_SESSION]
                [reqId=] [traceId=] [spanId=] [parentSpan=]
                [uri=] [method=] [status=]
                [duration=ms] [clientIp=] [userAgent=]
                o.s.b.a.e.web.EndpointLinksResolver - Exposing 2 endpoints beneath base path '/actuator'
2025-06-12 23:11:00.432 [main] WARN  [sessionId=NO_SESSION]
                [reqId=] [traceId=] [spanId=] [parentSpan=]
                [uri=] [method=] [status=]
                [duration=ms] [clientIp=] [userAgent=]
                c.c.p.s.WebSecurityConfiguration - Security is DISABLED via petstore.security.enabled = false
2025-06-12 23:11:00.817 [main] INFO  [sessionId=NO_SESSION]
                [reqId=] [traceId=] [spanId=] [parentSpan=]
                [uri=] [method=] [status=]
                [duration=ms] [clientIp=] [userAgent=]
                o.s.b.w.e.tomcat.TomcatWebServer - Tomcat started on port 8080 (http) with context path '/'
2025-06-12 23:11:00.837 [main] INFO  [sessionId=NO_SESSION]
                [reqId=] [traceId=] [spanId=] [parentSpan=]
                [uri=] [method=] [status=]
                [duration=ms] [clientIp=] [userAgent=]
                c.c.petstoreapp.PetStoreApplication - Started PetStoreApplication in 2.362 seconds (process running for 3.167)
2025-06-12 23:11:00.875 [main] INFO  [sessionId=NO_SESSION]
                [reqId=] [traceId=] [spanId=] [parentSpan=]
                [uri=] [method=] [status=]
                [duration=ms] [clientIp=] [userAgent=]
                c.c.p.c.ApplicationStartupConfig - Pet Store Application started successfully!
2025-06-12 23:11:00.875 [main] INFO  [sessionId=NO_SESSION]
                [reqId=] [traceId=] [spanId=] [parentSpan=]
                [uri=] [method=] [status=]
                [duration=ms] [clientIp=] [userAgent=]
                c.c.p.c.ApplicationStartupConfig - Application is ready to accept requests
2025-06-12 23:11:00.875 [main] INFO  [sessionId=NO_SESSION]
                [reqId=] [traceId=] [spanId=] [parentSpan=]
                [uri=] [method=] [status=]
                [duration=ms] [clientIp=] [userAgent=]
                c.c.p.c.ApplicationStartupConfig - Active Profile: default
2025-06-12 23:11:00.876 [main] INFO  [sessionId=NO_SESSION]
                [reqId=] [traceId=] [spanId=] [parentSpan=]
                [uri=] [method=] [status=]
                [duration=ms] [clientIp=] [userAgent=]
                c.c.p.c.ApplicationStartupConfig - Server Port: 8080
2025-06-12 23:11:00.876 [main] INFO  [sessionId=NO_SESSION]
                [reqId=] [traceId=] [spanId=] [parentSpan=]
                [uri=] [method=] [status=]
                [duration=ms] [clientIp=] [userAgent=]
                c.c.p.c.ApplicationStartupConfig - Pet Service URL: http://localhost:8081
2025-06-12 23:11:00.876 [main] INFO  [sessionId=NO_SESSION]
                [reqId=] [traceId=] [spanId=] [parentSpan=]
                [uri=] [method=] [status=]
                [duration=ms] [clientIp=] [userAgent=]
                c.c.p.c.ApplicationStartupConfig - Product Service URL: http://localhost:8082
2025-06-12 23:11:00.876 [main] INFO  [sessionId=NO_SESSION]
                [reqId=] [traceId=] [spanId=] [parentSpan=]
                [uri=] [method=] [status=]
                [duration=ms] [clientIp=] [userAgent=]
                c.c.p.c.ApplicationStartupConfig - Order Service URL: http://localhost:8083
2025-06-12 23:11:00.877 [main] INFO  [sessionId=NO_SESSION]
                [reqId=] [traceId=] [spanId=] [parentSpan=]
                [uri=] [method=] [status=]
                [duration=ms] [clientIp=] [userAgent=]
                c.c.p.c.health.NetworkHealthCheck - External network connectivity: OK
2025-06-12 23:11:12.641 [http-nio-8080-exec-1] INFO  [sessionId=NO_SESSION]
                [reqId=] [traceId=] [spanId=] [parentSpan=]
                [uri=] [method=] [status=]
                [duration=ms] [clientIp=] [userAgent=]
                o.a.c.c.C.[Tomcat].[localhost].[/] - Initializing Spring DispatcherServlet 'dispatcherServlet'
2025-06-12 23:11:12.641 [http-nio-8080-exec-1] INFO  [sessionId=NO_SESSION]
                [reqId=] [traceId=] [spanId=] [parentSpan=]
                [uri=] [method=] [status=]
                [duration=ms] [clientIp=] [userAgent=]
                o.s.web.servlet.DispatcherServlet - Initializing Servlet 'dispatcherServlet'
2025-06-12 23:11:12.643 [http-nio-8080-exec-1] INFO  [sessionId=NO_SESSION]
                [reqId=] [traceId=] [spanId=] [parentSpan=]
                [uri=] [method=] [status=]
                [duration=ms] [clientIp=] [userAgent=]
                o.s.web.servlet.DispatcherServlet - Completed initialization in 2 ms
2025-06-12 23:11:12.700 [http-nio-8080-exec-1] INFO  [sessionId=B2BBCEB18C005B076E3EF8C2B60BBF9A]
                [reqId=bce7110f] [traceId=8a4c71db81e94448a7fec54d839e9841] [spanId=9e8ee29c-af33-4f] [parentSpan=]
                [uri=/] [method=GET] [status=]
                [duration=ms] [clientIp=0:0:0:0:0:0:0:1] [userAgent=Mozilla/5.0 (Macintosh; Intel Mac OS X 10_15_7) AppleWebKit/537.36 (KHTML, like Gecko) Chrome/137.0.0.0 Safari/537.36]
                ApplicationInsightsTelemetry - Page view tracked: com.microsoft.applicationinsights.telemetry.PageViewTelemetry@46af0237
2025-06-12 23:11:12.857 [http-nio-8080-exec-1] INFO  [sessionId=B2BBCEB18C005B076E3EF8C2B60BBF9A]
                [reqId=bce7110f] [traceId=8a4c71db81e94448a7fec54d839e9841] [spanId=9e8ee29c-af33-4f] [parentSpan=]
                [uri=/] [method=GET] [status=200]
                [duration=180ms] [clientIp=0:0:0:0:0:0:0:1] [userAgent=Mozilla/5.0 (Macintosh; Intel Mac OS X 10_15_7) AppleWebKit/537.36 (KHTML, like Gecko) Chrome/137.0.0.0 Safari/537.36]
                c.c.p.config.MDCInterceptor - Request completed successfully [RequestID: bce7110f, Status: 200, Duration: 180ms]
2025-06-12 23:11:13.086 [http-nio-8080-exec-9] ERROR [sessionId=NO_SESSION]
                [reqId=] [traceId=] [spanId=] [parentSpan=]
                [uri=] [method=] [status=]
                [duration=ms] [clientIp=] [userAgent=]
                i.n.r.d.DnsServerAddressStreamProviders - Unable to load io.netty.resolver.dns.macos.MacOSDnsServerAddressStreamProvider, fallback to system defaults. This may result in incorrect DNS resolutions on MacOS. Check whether you have a dependency on 'io.netty:netty-resolver-dns-native-macos'. Use DEBUG level to see the full stack: java.lang.UnsatisfiedLinkError: failed to load the required native library
2025-06-12 23:11:40.356 [SpringApplicationShutdownHook] INFO  [sessionId=NO_SESSION]
                [reqId=] [traceId=] [spanId=] [parentSpan=]
                [uri=] [method=] [status=]
                [duration=ms] [clientIp=] [userAgent=]
                o.s.b.w.e.tomcat.GracefulShutdown - Commencing graceful shutdown. Waiting for active requests to complete
2025-06-12 23:11:42.369 [tomcat-shutdown] INFO  [sessionId=NO_SESSION]
                [reqId=] [traceId=] [spanId=] [parentSpan=]
                [uri=] [method=] [status=]
                [duration=ms] [clientIp=] [userAgent=]
                o.s.b.w.e.tomcat.GracefulShutdown - Graceful shutdown complete
2025-06-12 23:11:47.869 [main] INFO  [sessionId=NO_SESSION]
                [reqId=] [traceId=] [spanId=] [parentSpan=]
                [uri=] [method=] [status=]
                [duration=ms] [clientIp=] [userAgent=]
                c.c.petstoreapp.PetStoreApplication - Starting PetStoreApplication using Java 21.0.7 with PID 3994 (/Users/oleksii_vekshyn/development/CloudX/module-03-appservice/petstore/petstoreapp/target/classes started by oleksii_vekshyn in /Users/oleksii_vekshyn/development/CloudX/module-03-appservice/petstore/petstoreapp)
2025-06-12 23:11:47.869 [main] INFO  [sessionId=NO_SESSION]
                [reqId=] [traceId=] [spanId=] [parentSpan=]
                [uri=] [method=] [status=]
                [duration=ms] [clientIp=] [userAgent=]
                c.c.petstoreapp.PetStoreApplication - No active profile set, falling back to 1 default profile: "default"
2025-06-12 23:11:49.117 [main] INFO  [sessionId=NO_SESSION]
                [reqId=] [traceId=] [spanId=] [parentSpan=]
                [uri=] [method=] [status=]
                [duration=ms] [clientIp=] [userAgent=]
                o.s.b.w.e.tomcat.TomcatWebServer - Tomcat initialized with port 8080 (http)
2025-06-12 23:11:49.125 [main] INFO  [sessionId=NO_SESSION]
                [reqId=] [traceId=] [spanId=] [parentSpan=]
                [uri=] [method=] [status=]
                [duration=ms] [clientIp=] [userAgent=]
                o.a.catalina.core.StandardService - Starting service [Tomcat]
2025-06-12 23:11:49.125 [main] INFO  [sessionId=NO_SESSION]
                [reqId=] [traceId=] [spanId=] [parentSpan=]
                [uri=] [method=] [status=]
                [duration=ms] [clientIp=] [userAgent=]
                o.a.catalina.core.StandardEngine - Starting Servlet engine: [Apache Tomcat/10.1.41]
2025-06-12 23:11:49.159 [main] INFO  [sessionId=NO_SESSION]
                [reqId=] [traceId=] [spanId=] [parentSpan=]
                [uri=] [method=] [status=]
                [duration=ms] [clientIp=] [userAgent=]
                o.a.c.c.C.[Tomcat].[localhost].[/] - Initializing Spring embedded WebApplicationContext
2025-06-12 23:11:49.159 [main] INFO  [sessionId=NO_SESSION]
                [reqId=] [traceId=] [spanId=] [parentSpan=]
                [uri=] [method=] [status=]
                [duration=ms] [clientIp=] [userAgent=]
                o.s.b.w.s.c.ServletWebServerApplicationContext - Root WebApplicationContext: initialization completed in 1261 ms
2025-06-12 23:11:49.711 [main] INFO  [sessionId=NO_SESSION]
                [reqId=] [traceId=] [spanId=] [parentSpan=]
                [uri=] [method=] [status=]
                [duration=ms] [clientIp=] [userAgent=]
                o.s.b.a.e.web.EndpointLinksResolver - Exposing 2 endpoints beneath base path '/actuator'
2025-06-12 23:11:49.752 [main] WARN  [sessionId=NO_SESSION]
                [reqId=] [traceId=] [spanId=] [parentSpan=]
                [uri=] [method=] [status=]
                [duration=ms] [clientIp=] [userAgent=]
                c.c.p.s.WebSecurityConfiguration - Security is DISABLED via petstore.security.enabled = false
2025-06-12 23:11:50.104 [main] INFO  [sessionId=NO_SESSION]
                [reqId=] [traceId=] [spanId=] [parentSpan=]
                [uri=] [method=] [status=]
                [duration=ms] [clientIp=] [userAgent=]
                o.s.b.w.e.tomcat.TomcatWebServer - Tomcat started on port 8080 (http) with context path '/'
2025-06-12 23:11:50.119 [main] INFO  [sessionId=NO_SESSION]
                [reqId=] [traceId=] [spanId=] [parentSpan=]
                [uri=] [method=] [status=]
                [duration=ms] [clientIp=] [userAgent=]
                c.c.petstoreapp.PetStoreApplication - Started PetStoreApplication in 2.603 seconds (process running for 3.014)
2025-06-12 23:11:50.162 [main] INFO  [sessionId=NO_SESSION]
                [reqId=] [traceId=] [spanId=] [parentSpan=]
                [uri=] [method=] [status=]
                [duration=ms] [clientIp=] [userAgent=]
                c.c.p.c.ApplicationStartupConfig - Pet Store Application started successfully!
2025-06-12 23:11:50.162 [main] INFO  [sessionId=NO_SESSION]
                [reqId=] [traceId=] [spanId=] [parentSpan=]
                [uri=] [method=] [status=]
                [duration=ms] [clientIp=] [userAgent=]
                c.c.p.c.ApplicationStartupConfig - Application is ready to accept requests
2025-06-12 23:11:50.162 [main] INFO  [sessionId=NO_SESSION]
                [reqId=] [traceId=] [spanId=] [parentSpan=]
                [uri=] [method=] [status=]
                [duration=ms] [clientIp=] [userAgent=]
                c.c.p.c.ApplicationStartupConfig - Active Profile: default
2025-06-12 23:11:50.163 [main] INFO  [sessionId=NO_SESSION]
                [reqId=] [traceId=] [spanId=] [parentSpan=]
                [uri=] [method=] [status=]
                [duration=ms] [clientIp=] [userAgent=]
                c.c.p.c.ApplicationStartupConfig - Server Port: 8080
2025-06-12 23:11:50.163 [main] INFO  [sessionId=NO_SESSION]
                [reqId=] [traceId=] [spanId=] [parentSpan=]
                [uri=] [method=] [status=]
                [duration=ms] [clientIp=] [userAgent=]
                c.c.p.c.ApplicationStartupConfig - Pet Service URL: http://localhost:8081
2025-06-12 23:11:50.163 [main] INFO  [sessionId=NO_SESSION]
                [reqId=] [traceId=] [spanId=] [parentSpan=]
                [uri=] [method=] [status=]
                [duration=ms] [clientIp=] [userAgent=]
                c.c.p.c.ApplicationStartupConfig - Product Service URL: http://localhost:8082
2025-06-12 23:11:50.163 [main] INFO  [sessionId=NO_SESSION]
                [reqId=] [traceId=] [spanId=] [parentSpan=]
                [uri=] [method=] [status=]
                [duration=ms] [clientIp=] [userAgent=]
                c.c.p.c.ApplicationStartupConfig - Order Service URL: http://localhost:8083
2025-06-12 23:11:50.164 [main] INFO  [sessionId=NO_SESSION]
                [reqId=] [traceId=] [spanId=] [parentSpan=]
                [uri=] [method=] [status=]
                [duration=ms] [clientIp=] [userAgent=]
                c.c.p.c.health.NetworkHealthCheck - External network connectivity: OK
2025-06-12 23:12:10.026 [http-nio-8080-exec-1] INFO  [sessionId=NO_SESSION]
                [reqId=] [traceId=] [spanId=] [parentSpan=]
                [uri=] [method=] [status=]
                [duration=ms] [clientIp=] [userAgent=]
                o.a.c.c.C.[Tomcat].[localhost].[/] - Initializing Spring DispatcherServlet 'dispatcherServlet'
2025-06-12 23:12:10.026 [http-nio-8080-exec-1] INFO  [sessionId=NO_SESSION]
                [reqId=] [traceId=] [spanId=] [parentSpan=]
                [uri=] [method=] [status=]
                [duration=ms] [clientIp=] [userAgent=]
                o.s.web.servlet.DispatcherServlet - Initializing Servlet 'dispatcherServlet'
2025-06-12 23:12:10.028 [http-nio-8080-exec-1] INFO  [sessionId=NO_SESSION]
                [reqId=] [traceId=] [spanId=] [parentSpan=]
                [uri=] [method=] [status=]
                [duration=ms] [clientIp=] [userAgent=]
                o.s.web.servlet.DispatcherServlet - Completed initialization in 2 ms
2025-06-12 23:12:10.191 [http-nio-8080-exec-1] ERROR [sessionId=NO_SESSION]
                [reqId=] [traceId=] [spanId=] [parentSpan=]
                [uri=] [method=] [status=]
                [duration=ms] [clientIp=] [userAgent=]
                i.n.r.d.DnsServerAddressStreamProviders - Unable to load io.netty.resolver.dns.macos.MacOSDnsServerAddressStreamProvider, fallback to system defaults. This may result in incorrect DNS resolutions on MacOS. Check whether you have a dependency on 'io.netty:netty-resolver-dns-native-macos'. Use DEBUG level to see the full stack: java.lang.UnsatisfiedLinkError: failed to load the required native library
2025-06-12 23:12:13.894 [http-nio-8080-exec-4] INFO  [sessionId=E0656756B2434EAA16432DA64973FC72]
                [reqId=e3f5a398] [traceId=fc5331202c094b61bd45abc525475556] [spanId=a5c3f5ef-9783-48] [parentSpan=]
                [uri=/] [method=GET] [status=]
                [duration=ms] [clientIp=0:0:0:0:0:0:0:1] [userAgent=Mozilla/5.0 (Macintosh; Intel Mac OS X 10_15_7) AppleWebKit/537.36 (KHTML, like Gecko) Chrome/137.0.0.0 Safari/537.36]
                ApplicationInsightsTelemetry - Page view tracked: com.microsoft.applicationinsights.telemetry.PageViewTelemetry@755131b6
2025-06-12 23:12:14.090 [http-nio-8080-exec-4] INFO  [sessionId=E0656756B2434EAA16432DA64973FC72]
                [reqId=e3f5a398] [traceId=fc5331202c094b61bd45abc525475556] [spanId=a5c3f5ef-9783-48] [parentSpan=]
                [uri=/] [method=GET] [status=200]
                [duration=219ms] [clientIp=0:0:0:0:0:0:0:1] [userAgent=Mozilla/5.0 (Macintosh; Intel Mac OS X 10_15_7) AppleWebKit/537.36 (KHTML, like Gecko) Chrome/137.0.0.0 Safari/537.36]
                c.c.p.config.MDCInterceptor - Request completed successfully [RequestID: e3f5a398, Status: 200, Duration: 219ms]
2025-06-12 23:12:20.413 [http-nio-8080-exec-4] INFO  [sessionId=E0656756B2434EAA16432DA64973FC72]
                [reqId=b4df195d] [traceId=02fe76ac21bc458986465a7021901ff2] [spanId=5b9f8c93-633c-40] [parentSpan=]
                [uri=/] [method=GET] [status=]
                [duration=ms] [clientIp=0:0:0:0:0:0:0:1] [userAgent=Mozilla/5.0 (Macintosh; Intel Mac OS X 10_15_7) AppleWebKit/537.36 (KHTML, like Gecko) Chrome/137.0.0.0 Safari/537.36]
                ApplicationInsightsTelemetry - Page view tracked: com.microsoft.applicationinsights.telemetry.PageViewTelemetry@70e62ad4
2025-06-12 23:12:20.444 [http-nio-8080-exec-4] INFO  [sessionId=E0656756B2434EAA16432DA64973FC72]
                [reqId=b4df195d] [traceId=02fe76ac21bc458986465a7021901ff2] [spanId=5b9f8c93-633c-40] [parentSpan=]
                [uri=/] [method=GET] [status=200]
                [duration=32ms] [clientIp=0:0:0:0:0:0:0:1] [userAgent=Mozilla/5.0 (Macintosh; Intel Mac OS X 10_15_7) AppleWebKit/537.36 (KHTML, like Gecko) Chrome/137.0.0.0 Safari/537.36]
                c.c.p.config.MDCInterceptor - Request completed successfully [RequestID: b4df195d, Status: 200, Duration: 32ms]
2025-06-12 23:12:21.079 [http-nio-8080-exec-4] INFO  [sessionId=E0656756B2434EAA16432DA64973FC72]
                [reqId=8a095635] [traceId=fb6795bfda8f47b895a8be11a949254f] [spanId=a33a39bd-9707-44] [parentSpan=]
                [uri=/] [method=GET] [status=]
                [duration=ms] [clientIp=0:0:0:0:0:0:0:1] [userAgent=Mozilla/5.0 (Macintosh; Intel Mac OS X 10_15_7) AppleWebKit/537.36 (KHTML, like Gecko) Chrome/137.0.0.0 Safari/537.36]
                ApplicationInsightsTelemetry - Page view tracked: com.microsoft.applicationinsights.telemetry.PageViewTelemetry@8190af8
2025-06-12 23:12:21.092 [http-nio-8080-exec-4] INFO  [sessionId=E0656756B2434EAA16432DA64973FC72]
                [reqId=8a095635] [traceId=fb6795bfda8f47b895a8be11a949254f] [spanId=a33a39bd-9707-44] [parentSpan=]
                [uri=/] [method=GET] [status=200]
                [duration=14ms] [clientIp=0:0:0:0:0:0:0:1] [userAgent=Mozilla/5.0 (Macintosh; Intel Mac OS X 10_15_7) AppleWebKit/537.36 (KHTML, like Gecko) Chrome/137.0.0.0 Safari/537.36]
                c.c.p.config.MDCInterceptor - Request completed successfully [RequestID: 8a095635, Status: 200, Duration: 14ms]
2025-06-12 23:12:21.279 [http-nio-8080-exec-4] INFO  [sessionId=E0656756B2434EAA16432DA64973FC72]
                [reqId=6eb259e6] [traceId=d9f2656eee6a470ab60a7eb914a77c2c] [spanId=153c5161-47f2-47] [parentSpan=]
                [uri=/] [method=GET] [status=]
                [duration=ms] [clientIp=0:0:0:0:0:0:0:1] [userAgent=Mozilla/5.0 (Macintosh; Intel Mac OS X 10_15_7) AppleWebKit/537.36 (KHTML, like Gecko) Chrome/137.0.0.0 Safari/537.36]
                ApplicationInsightsTelemetry - Page view tracked: com.microsoft.applicationinsights.telemetry.PageViewTelemetry@4eb6e56a
2025-06-12 23:12:21.287 [http-nio-8080-exec-4] INFO  [sessionId=E0656756B2434EAA16432DA64973FC72]
                [reqId=6eb259e6] [traceId=d9f2656eee6a470ab60a7eb914a77c2c] [spanId=153c5161-47f2-47] [parentSpan=]
                [uri=/] [method=GET] [status=200]
                [duration=9ms] [clientIp=0:0:0:0:0:0:0:1] [userAgent=Mozilla/5.0 (Macintosh; Intel Mac OS X 10_15_7) AppleWebKit/537.36 (KHTML, like Gecko) Chrome/137.0.0.0 Safari/537.36]
                c.c.p.config.MDCInterceptor - Request completed successfully [RequestID: 6eb259e6, Status: 200, Duration: 9ms]
2025-06-12 23:12:42.053 [http-nio-8080-exec-7] WARN  [sessionId=NO_SESSION]
                [reqId=] [traceId=] [spanId=] [parentSpan=]
                [uri=] [method=] [status=]
                [duration=ms] [clientIp=] [userAgent=]
                c.c.p.c.h.OrderServiceHealthIndicator - Order service health check failed: Connection refused: localhost/[0:0:0:0:0:0:0:1]:8083
2025-06-12 23:13:14.196 [http-nio-8080-exec-9] WARN  [sessionId=NO_SESSION]
                [reqId=] [traceId=] [spanId=] [parentSpan=]
                [uri=] [method=] [status=]
                [duration=ms] [clientIp=] [userAgent=]
                c.c.p.c.h.OrderServiceHealthIndicator - Order service health check failed: Connection refused: localhost/[0:0:0:0:0:0:0:1]:8083
2025-06-12 23:13:23.308 [http-nio-8080-exec-10] WARN  [sessionId=NO_SESSION]
                [reqId=] [traceId=] [spanId=] [parentSpan=]
                [uri=] [method=] [status=]
                [duration=ms] [clientIp=] [userAgent=]
                c.c.p.c.h.OrderServiceHealthIndicator - Order service health check failed: Connection refused: localhost/[0:0:0:0:0:0:0:1]:8083
2025-06-12 23:13:23.310 [http-nio-8080-exec-10] WARN  [sessionId=NO_SESSION]
                [reqId=] [traceId=] [spanId=] [parentSpan=]
                [uri=] [method=] [status=]
                [duration=ms] [clientIp=] [userAgent=]
                c.c.p.c.h.PetServiceHealthIndicator - Pet service health check failed: Connection refused: localhost/[0:0:0:0:0:0:0:1]:8081
2025-06-12 23:13:24.339 [http-nio-8080-exec-3] WARN  [sessionId=NO_SESSION]
                [reqId=] [traceId=] [spanId=] [parentSpan=]
                [uri=] [method=] [status=]
                [duration=ms] [clientIp=] [userAgent=]
                c.c.p.c.h.OrderServiceHealthIndicator - Order service health check failed: Connection refused: localhost/[0:0:0:0:0:0:0:1]:8083
2025-06-12 23:13:24.341 [http-nio-8080-exec-3] WARN  [sessionId=NO_SESSION]
                [reqId=] [traceId=] [spanId=] [parentSpan=]
                [uri=] [method=] [status=]
                [duration=ms] [clientIp=] [userAgent=]
                c.c.p.c.h.PetServiceHealthIndicator - Pet service health check failed: Connection refused: localhost/[0:0:0:0:0:0:0:1]:8081
2025-06-12 23:13:41.091 [http-nio-8080-exec-2] WARN  [sessionId=NO_SESSION]
                [reqId=] [traceId=] [spanId=] [parentSpan=]
                [uri=] [method=] [status=]
                [duration=ms] [clientIp=] [userAgent=]
                c.c.p.c.h.OrderServiceHealthIndicator - Order service health check failed: Connection refused: localhost/[0:0:0:0:0:0:0:1]:8083
2025-06-12 23:13:41.093 [http-nio-8080-exec-2] WARN  [sessionId=NO_SESSION]
                [reqId=] [traceId=] [spanId=] [parentSpan=]
                [uri=] [method=] [status=]
                [duration=ms] [clientIp=] [userAgent=]
                c.c.p.c.h.PetServiceHealthIndicator - Pet service health check failed: Connection refused: localhost/[0:0:0:0:0:0:0:1]:8081
2025-06-12 23:13:41.094 [http-nio-8080-exec-2] WARN  [sessionId=NO_SESSION]
                [reqId=] [traceId=] [spanId=] [parentSpan=]
                [uri=] [method=] [status=]
                [duration=ms] [clientIp=] [userAgent=]
                c.c.p.c.h.ProductServiceHealthIndicator - Product service health check failed: Connection refused: localhost/[0:0:0:0:0:0:0:1]:8082
2025-06-12 23:13:44.433 [http-nio-8080-exec-4] WARN  [sessionId=NO_SESSION]
                [reqId=] [traceId=] [spanId=] [parentSpan=]
                [uri=] [method=] [status=]
                [duration=ms] [clientIp=] [userAgent=]
                c.c.p.c.h.OrderServiceHealthIndicator - Order service health check failed: Connection refused: localhost/[0:0:0:0:0:0:0:1]:8083
2025-06-12 23:13:44.435 [http-nio-8080-exec-4] WARN  [sessionId=NO_SESSION]
                [reqId=] [traceId=] [spanId=] [parentSpan=]
                [uri=] [method=] [status=]
                [duration=ms] [clientIp=] [userAgent=]
                c.c.p.c.h.PetServiceHealthIndicator - Pet service health check failed: Connection refused: localhost/[0:0:0:0:0:0:0:1]:8081
2025-06-12 23:13:44.437 [http-nio-8080-exec-4] WARN  [sessionId=NO_SESSION]
                [reqId=] [traceId=] [spanId=] [parentSpan=]
                [uri=] [method=] [status=]
                [duration=ms] [clientIp=] [userAgent=]
                c.c.p.c.h.ProductServiceHealthIndicator - Product service health check failed: Connection refused: localhost/[0:0:0:0:0:0:0:1]:8082
2025-06-12 23:13:47.619 [SpringApplicationShutdownHook] INFO  [sessionId=NO_SESSION]
                [reqId=] [traceId=] [spanId=] [parentSpan=]
                [uri=] [method=] [status=]
                [duration=ms] [clientIp=] [userAgent=]
                o.s.b.w.e.tomcat.GracefulShutdown - Commencing graceful shutdown. Waiting for active requests to complete
2025-06-12 23:13:49.629 [tomcat-shutdown] INFO  [sessionId=NO_SESSION]
                [reqId=] [traceId=] [spanId=] [parentSpan=]
                [uri=] [method=] [status=]
                [duration=ms] [clientIp=] [userAgent=]
                o.s.b.w.e.tomcat.GracefulShutdown - Graceful shutdown complete
