2025-06-12 23:10:51.070 [main] INFO  [sessionId=NO_SESSION]
        [reqId=] [traceId=] [spanId=] [parentSpan=]
        [uri=] [method=] [status=]
        [duration=ms] [clientIp=] [userAgent=]
        c.c.p.pet.PetServiceApplication - Starting PetServiceApplication using Java 21.0.7 with PID 3475 (/Users/oleksii_vekshyn/development/CloudX/module-03-appservice/petstore/petstorepetservice/target/classes started by oleksii_vekshyn in /Users/oleksii_vekshyn/development/CloudX/module-03-appservice/petstore/petstorepetservice)
2025-06-12 23:10:51.071 [main] INFO  [sessionId=NO_SESSION]
        [reqId=] [traceId=] [spanId=] [parentSpan=]
        [uri=] [method=] [status=]
        [duration=ms] [clientIp=] [userAgent=]
        c.c.p.pet.PetServiceApplication - No active profile set, falling back to 1 default profile: "default"
2025-06-12 23:10:51.709 [main] INFO  [sessionId=NO_SESSION]
        [reqId=] [traceId=] [spanId=] [parentSpan=]
        [uri=] [method=] [status=]
        [duration=ms] [clientIp=] [userAgent=]
        o.s.b.w.e.tomcat.TomcatWebServer - Tomcat initialized with port 8081 (http)
2025-06-12 23:10:51.716 [main] INFO  [sessionId=NO_SESSION]
        [reqId=] [traceId=] [spanId=] [parentSpan=]
        [uri=] [method=] [status=]
        [duration=ms] [clientIp=] [userAgent=]
        o.a.catalina.core.StandardService - Starting service [Tomcat]
2025-06-12 23:10:51.716 [main] INFO  [sessionId=NO_SESSION]
        [reqId=] [traceId=] [spanId=] [parentSpan=]
        [uri=] [method=] [status=]
        [duration=ms] [clientIp=] [userAgent=]
        o.a.catalina.core.StandardEngine - Starting Servlet engine: [Apache Tomcat/10.1.41]
2025-06-12 23:10:51.746 [main] INFO  [sessionId=NO_SESSION]
        [reqId=] [traceId=] [spanId=] [parentSpan=]
        [uri=] [method=] [status=]
        [duration=ms] [clientIp=] [userAgent=]
        o.a.c.c.C.[Tomcat].[localhost].[/] - Initializing Spring embedded WebApplicationContext
2025-06-12 23:10:51.746 [main] INFO  [sessionId=NO_SESSION]
        [reqId=] [traceId=] [spanId=] [parentSpan=]
        [uri=] [method=] [status=]
        [duration=ms] [clientIp=] [userAgent=]
        o.s.b.w.s.c.ServletWebServerApplicationContext - Root WebApplicationContext: initialization completed in 652 ms
2025-06-12 23:10:52.200 [main] INFO  [sessionId=NO_SESSION]
        [reqId=] [traceId=] [spanId=] [parentSpan=]
        [uri=] [method=] [status=]
        [duration=ms] [clientIp=] [userAgent=]
        o.s.b.a.e.web.EndpointLinksResolver - Exposing 2 endpoints beneath base path '/actuator'
2025-06-12 23:10:52.228 [main] INFO  [sessionId=NO_SESSION]
        [reqId=] [traceId=] [spanId=] [parentSpan=]
        [uri=] [method=] [status=]
        [duration=ms] [clientIp=] [userAgent=]
        o.s.b.w.e.tomcat.TomcatWebServer - Tomcat started on port 8081 (http) with context path '/'
2025-06-12 23:10:52.236 [main] INFO  [sessionId=NO_SESSION]
        [reqId=] [traceId=] [spanId=] [parentSpan=]
        [uri=] [method=] [status=]
        [duration=ms] [clientIp=] [userAgent=]
        c.c.p.pet.PetServiceApplication - Started PetServiceApplication in 1.53 seconds (process running for 2.125)
2025-06-12 23:10:52.772 [RMI TCP Connection(6)-192.168.0.252] INFO  [sessionId=NO_SESSION]
        [reqId=] [traceId=] [spanId=] [parentSpan=]
        [uri=] [method=] [status=]
        [duration=ms] [clientIp=] [userAgent=]
        o.a.c.c.C.[Tomcat].[localhost].[/] - Initializing Spring DispatcherServlet 'dispatcherServlet'
2025-06-12 23:10:52.772 [RMI TCP Connection(6)-192.168.0.252] INFO  [sessionId=NO_SESSION]
        [reqId=] [traceId=] [spanId=] [parentSpan=]
        [uri=] [method=] [status=]
        [duration=ms] [clientIp=] [userAgent=]
        o.s.web.servlet.DispatcherServlet - Initializing Servlet 'dispatcherServlet'
2025-06-12 23:10:52.773 [RMI TCP Connection(6)-192.168.0.252] INFO  [sessionId=NO_SESSION]
        [reqId=] [traceId=] [spanId=] [parentSpan=]
        [uri=] [method=] [status=]
        [duration=ms] [clientIp=] [userAgent=]
        o.s.web.servlet.DispatcherServlet - Completed initialization in 1 ms
2025-06-12 23:11:45.506 [SpringApplicationShutdownHook] INFO  [sessionId=NO_SESSION]
        [reqId=] [traceId=] [spanId=] [parentSpan=]
        [uri=] [method=] [status=]
        [duration=ms] [clientIp=] [userAgent=]
        o.s.b.w.e.tomcat.GracefulShutdown - Commencing graceful shutdown. Waiting for active requests to complete
2025-06-12 23:11:49.023 [main] INFO  [sessionId=NO_SESSION]
        [reqId=] [traceId=] [spanId=] [parentSpan=]
        [uri=] [method=] [status=]
        [duration=ms] [clientIp=] [userAgent=]
        c.c.p.pet.PetServiceApplication - Starting PetServiceApplication using Java 21.0.7 with PID 4023 (/Users/oleksii_vekshyn/development/CloudX/module-03-appservice/petstore/petstorepetservice/target/classes started by oleksii_vekshyn in /Users/oleksii_vekshyn/development/CloudX/module-03-appservice/petstore/petstorepetservice)
2025-06-12 23:11:49.023 [main] INFO  [sessionId=NO_SESSION]
        [reqId=] [traceId=] [spanId=] [parentSpan=]
        [uri=] [method=] [status=]
        [duration=ms] [clientIp=] [userAgent=]
        c.c.p.pet.PetServiceApplication - No active profile set, falling back to 1 default profile: "default"
2025-06-12 23:11:49.638 [main] INFO  [sessionId=NO_SESSION]
        [reqId=] [traceId=] [spanId=] [parentSpan=]
        [uri=] [method=] [status=]
        [duration=ms] [clientIp=] [userAgent=]
        o.s.b.w.e.tomcat.TomcatWebServer - Tomcat initialized with port 8081 (http)
2025-06-12 23:11:49.646 [main] INFO  [sessionId=NO_SESSION]
        [reqId=] [traceId=] [spanId=] [parentSpan=]
        [uri=] [method=] [status=]
        [duration=ms] [clientIp=] [userAgent=]
        o.a.catalina.core.StandardService - Starting service [Tomcat]
2025-06-12 23:11:49.647 [main] INFO  [sessionId=NO_SESSION]
        [reqId=] [traceId=] [spanId=] [parentSpan=]
        [uri=] [method=] [status=]
        [duration=ms] [clientIp=] [userAgent=]
        o.a.catalina.core.StandardEngine - Starting Servlet engine: [Apache Tomcat/10.1.41]
2025-06-12 23:11:49.677 [main] INFO  [sessionId=NO_SESSION]
        [reqId=] [traceId=] [spanId=] [parentSpan=]
        [uri=] [method=] [status=]
        [duration=ms] [clientIp=] [userAgent=]
        o.a.c.c.C.[Tomcat].[localhost].[/] - Initializing Spring embedded WebApplicationContext
2025-06-12 23:11:49.677 [main] INFO  [sessionId=NO_SESSION]
        [reqId=] [traceId=] [spanId=] [parentSpan=]
        [uri=] [method=] [status=]
        [duration=ms] [clientIp=] [userAgent=]
        o.s.b.w.s.c.ServletWebServerApplicationContext - Root WebApplicationContext: initialization completed in 635 ms
2025-06-12 23:11:50.094 [main] INFO  [sessionId=NO_SESSION]
        [reqId=] [traceId=] [spanId=] [parentSpan=]
        [uri=] [method=] [status=]
        [duration=ms] [clientIp=] [userAgent=]
        o.s.b.a.e.web.EndpointLinksResolver - Exposing 2 endpoints beneath base path '/actuator'
2025-06-12 23:11:50.128 [main] INFO  [sessionId=NO_SESSION]
        [reqId=] [traceId=] [spanId=] [parentSpan=]
        [uri=] [method=] [status=]
        [duration=ms] [clientIp=] [userAgent=]
        o.s.b.w.e.tomcat.TomcatWebServer - Tomcat started on port 8081 (http) with context path '/'
2025-06-12 23:11:50.138 [main] INFO  [sessionId=NO_SESSION]
        [reqId=] [traceId=] [spanId=] [parentSpan=]
        [uri=] [method=] [status=]
        [duration=ms] [clientIp=] [userAgent=]
        c.c.p.pet.PetServiceApplication - Started PetServiceApplication in 1.399 seconds (process running for 1.822)
2025-06-12 23:11:50.554 [RMI TCP Connection(1)-192.168.0.252] INFO  [sessionId=NO_SESSION]
        [reqId=] [traceId=] [spanId=] [parentSpan=]
        [uri=] [method=] [status=]
        [duration=ms] [clientIp=] [userAgent=]
        o.a.c.c.C.[Tomcat].[localhost].[/] - Initializing Spring DispatcherServlet 'dispatcherServlet'
2025-06-12 23:11:50.554 [RMI TCP Connection(1)-192.168.0.252] INFO  [sessionId=NO_SESSION]
        [reqId=] [traceId=] [spanId=] [parentSpan=]
        [uri=] [method=] [status=]
        [duration=ms] [clientIp=] [userAgent=]
        o.s.web.servlet.DispatcherServlet - Initializing Servlet 'dispatcherServlet'
2025-06-12 23:11:50.555 [RMI TCP Connection(1)-192.168.0.252] INFO  [sessionId=NO_SESSION]
        [reqId=] [traceId=] [spanId=] [parentSpan=]
        [uri=] [method=] [status=]
        [duration=ms] [clientIp=] [userAgent=]
        o.s.web.servlet.DispatcherServlet - Completed initialization in 1 ms
2025-06-12 23:12:49.384 [SpringApplicationShutdownHook] INFO  [sessionId=NO_SESSION]
        [reqId=] [traceId=] [spanId=] [parentSpan=]
        [uri=] [method=] [status=]
        [duration=ms] [clientIp=] [userAgent=]
        o.s.b.w.e.tomcat.GracefulShutdown - Commencing graceful shutdown. Waiting for active requests to complete
2025-06-12 23:12:51.394 [tomcat-shutdown] INFO  [sessionId=NO_SESSION]
        [reqId=] [traceId=] [spanId=] [parentSpan=]
        [uri=] [method=] [status=]
        [duration=ms] [clientIp=] [userAgent=]
        o.s.b.w.e.tomcat.GracefulShutdown - Graceful shutdown complete
2025-06-12 23:12:59.305 [main] INFO  [sessionId=NO_SESSION]
        [reqId=] [traceId=] [spanId=] [parentSpan=]
        [uri=] [method=] [status=]
        [duration=ms] [clientIp=] [userAgent=]
        c.c.p.pet.PetServiceApplication - Starting PetServiceApplication using Java 21.0.7 with PID 4562 (/Users/oleksii_vekshyn/development/CloudX/module-03-appservice/petstore/petstorepetservice/target/classes started by oleksii_vekshyn in /Users/oleksii_vekshyn/development/CloudX/module-03-appservice/petstore/petstorepetservice)
2025-06-12 23:12:59.305 [main] INFO  [sessionId=NO_SESSION]
        [reqId=] [traceId=] [spanId=] [parentSpan=]
        [uri=] [method=] [status=]
        [duration=ms] [clientIp=] [userAgent=]
        c.c.p.pet.PetServiceApplication - No active profile set, falling back to 1 default profile: "default"
2025-06-12 23:12:59.859 [main] INFO  [sessionId=NO_SESSION]
        [reqId=] [traceId=] [spanId=] [parentSpan=]
        [uri=] [method=] [status=]
        [duration=ms] [clientIp=] [userAgent=]
        o.s.b.w.e.tomcat.TomcatWebServer - Tomcat initialized with port 8081 (http)
2025-06-12 23:12:59.865 [main] INFO  [sessionId=NO_SESSION]
        [reqId=] [traceId=] [spanId=] [parentSpan=]
        [uri=] [method=] [status=]
        [duration=ms] [clientIp=] [userAgent=]
        o.a.catalina.core.StandardService - Starting service [Tomcat]
2025-06-12 23:12:59.865 [main] INFO  [sessionId=NO_SESSION]
        [reqId=] [traceId=] [spanId=] [parentSpan=]
        [uri=] [method=] [status=]
        [duration=ms] [clientIp=] [userAgent=]
        o.a.catalina.core.StandardEngine - Starting Servlet engine: [Apache Tomcat/10.1.41]
2025-06-12 23:12:59.886 [main] INFO  [sessionId=NO_SESSION]
        [reqId=] [traceId=] [spanId=] [parentSpan=]
        [uri=] [method=] [status=]
        [duration=ms] [clientIp=] [userAgent=]
        o.a.c.c.C.[Tomcat].[localhost].[/] - Initializing Spring embedded WebApplicationContext
2025-06-12 23:12:59.886 [main] INFO  [sessionId=NO_SESSION]
        [reqId=] [traceId=] [spanId=] [parentSpan=]
        [uri=] [method=] [status=]
        [duration=ms] [clientIp=] [userAgent=]
        o.s.b.w.s.c.ServletWebServerApplicationContext - Root WebApplicationContext: initialization completed in 566 ms
2025-06-12 23:13:00.258 [main] INFO  [sessionId=NO_SESSION]
        [reqId=] [traceId=] [spanId=] [parentSpan=]
        [uri=] [method=] [status=]
        [duration=ms] [clientIp=] [userAgent=]
        o.s.b.a.e.web.EndpointLinksResolver - Exposing 2 endpoints beneath base path '/actuator'
2025-06-12 23:13:00.283 [main] INFO  [sessionId=NO_SESSION]
        [reqId=] [traceId=] [spanId=] [parentSpan=]
        [uri=] [method=] [status=]
        [duration=ms] [clientIp=] [userAgent=]
        o.s.b.w.e.tomcat.TomcatWebServer - Tomcat started on port 8081 (http) with context path '/'
2025-06-12 23:13:00.291 [main] INFO  [sessionId=NO_SESSION]
        [reqId=] [traceId=] [spanId=] [parentSpan=]
        [uri=] [method=] [status=]
        [duration=ms] [clientIp=] [userAgent=]
        c.c.p.pet.PetServiceApplication - Started PetServiceApplication in 1.252 seconds (process running for 1.52)
2025-06-12 23:13:00.501 [RMI TCP Connection(1)-192.168.0.252] INFO  [sessionId=NO_SESSION]
        [reqId=] [traceId=] [spanId=] [parentSpan=]
        [uri=] [method=] [status=]
        [duration=ms] [clientIp=] [userAgent=]
        o.a.c.c.C.[Tomcat].[localhost].[/] - Initializing Spring DispatcherServlet 'dispatcherServlet'
2025-06-12 23:13:00.501 [RMI TCP Connection(1)-192.168.0.252] INFO  [sessionId=NO_SESSION]
        [reqId=] [traceId=] [spanId=] [parentSpan=]
        [uri=] [method=] [status=]
        [duration=ms] [clientIp=] [userAgent=]
        o.s.web.servlet.DispatcherServlet - Initializing Servlet 'dispatcherServlet'
2025-06-12 23:13:00.502 [RMI TCP Connection(1)-192.168.0.252] INFO  [sessionId=NO_SESSION]
        [reqId=] [traceId=] [spanId=] [parentSpan=]
        [uri=] [method=] [status=]
        [duration=ms] [clientIp=] [userAgent=]
        o.s.web.servlet.DispatcherServlet - Completed initialization in 1 ms
2025-06-12 23:13:16.425 [SpringApplicationShutdownHook] INFO  [sessionId=NO_SESSION]
        [reqId=] [traceId=] [spanId=] [parentSpan=]
        [uri=] [method=] [status=]
        [duration=ms] [clientIp=] [userAgent=]
        o.s.b.w.e.tomcat.GracefulShutdown - Commencing graceful shutdown. Waiting for active requests to complete
2025-06-12 23:13:18.435 [tomcat-shutdown] INFO  [sessionId=NO_SESSION]
        [reqId=] [traceId=] [spanId=] [parentSpan=]
        [uri=] [method=] [status=]
        [duration=ms] [clientIp=] [userAgent=]
        o.s.b.w.e.tomcat.GracefulShutdown - Graceful shutdown complete
